{"G:\\nodejs bacend sanket singh\\12 twitter application\\tweetapp\\src\\controllers\\tweet-controller.js": {"path":"G:\\nodejs bacend sanket singh\\12 twitter application\\tweetapp\\src\\controllers\\tweet-controller.js","statementMap":{"0":{"start":{"line":6,"column":19},"end":{"line":6,"column":37}},"1":{"start":{"line":8,"column":27},"end":{"line":34,"column":1}},"2":{"start":{"line":9,"column":4},"end":{"line":33,"column":5}},"3":{"start":{"line":18,"column":29},"end":{"line":18,"column":64}},"4":{"start":{"line":19,"column":12},"end":{"line":24,"column":15}},"5":{"start":{"line":27,"column":8},"end":{"line":32,"column":11}},"6":{"start":{"line":36,"column":24},"end":{"line":53,"column":1}},"7":{"start":{"line":37,"column":4},"end":{"line":52,"column":5}},"8":{"start":{"line":38,"column":25},"end":{"line":38,"column":62}},"9":{"start":{"line":39,"column":8},"end":{"line":44,"column":11}},"10":{"start":{"line":46,"column":8},"end":{"line":51,"column":11}}},"fnMap":{"0":{"name":"(anonymous_0)","decl":{"start":{"line":8,"column":27},"end":{"line":8,"column":28}},"loc":{"start":{"line":8,"column":47},"end":{"line":34,"column":1}},"line":8},"1":{"name":"(anonymous_1)","decl":{"start":{"line":36,"column":24},"end":{"line":36,"column":25}},"loc":{"start":{"line":36,"column":44},"end":{"line":53,"column":1}},"line":36}},"branchMap":{},"s":{"0":1,"1":1,"2":0,"3":0,"4":0,"5":0,"6":1,"7":1,"8":1,"9":1,"10":0},"f":{"0":0,"1":1},"b":{},"_coverageSchema":"1a1c01bbd47fc00a2c39e90264f33305004495a9","hash":"ef436065ec70475a9f49d62054073b7562ca6d3b"}
,"G:\\nodejs bacend sanket singh\\12 twitter application\\tweetapp\\src\\models\\comment.js": {"path":"G:\\nodejs bacend sanket singh\\12 twitter application\\tweetapp\\src\\models\\comment.js","statementMap":{"0":{"start":{"line":3,"column":21},"end":{"line":30,"column":21}},"1":{"start":{"line":32,"column":15},"end":{"line":32,"column":54}}},"fnMap":{},"branchMap":{},"s":{"0":3,"1":3},"f":{},"b":{},"_coverageSchema":"1a1c01bbd47fc00a2c39e90264f33305004495a9","hash":"76465bb33425e1c88598976ae9fa2e3aa2620581"}
,"G:\\nodejs bacend sanket singh\\12 twitter application\\tweetapp\\src\\models\\hashtags.js": {"path":"G:\\nodejs bacend sanket singh\\12 twitter application\\tweetapp\\src\\models\\hashtags.js","statementMap":{"0":{"start":{"line":3,"column":21},"end":{"line":18,"column":20}},"1":{"start":{"line":25,"column":14},"end":{"line":25,"column":53}}},"fnMap":{},"branchMap":{},"s":{"0":2,"1":2},"f":{},"b":{},"_coverageSchema":"1a1c01bbd47fc00a2c39e90264f33305004495a9","hash":"2266d72e5eb07faa3d0d7ae3d83e8d3307dea4f1"}
,"G:\\nodejs bacend sanket singh\\12 twitter application\\tweetapp\\src\\models\\like.js": {"path":"G:\\nodejs bacend sanket singh\\12 twitter application\\tweetapp\\src\\models\\like.js","statementMap":{"0":{"start":{"line":3,"column":19},"end":{"line":19,"column":22}},"1":{"start":{"line":21,"column":13},"end":{"line":21,"column":47}}},"fnMap":{},"branchMap":{},"s":{"0":3,"1":3},"f":{},"b":{},"_coverageSchema":"1a1c01bbd47fc00a2c39e90264f33305004495a9","hash":"975163fad4f110b6761f4659284ccb9090cbf66d"}
,"G:\\nodejs bacend sanket singh\\12 twitter application\\tweetapp\\src\\models\\tweet.js": {"path":"G:\\nodejs bacend sanket singh\\12 twitter application\\tweetapp\\src\\models\\tweet.js","statementMap":{"0":{"start":{"line":3,"column":19},"end":{"line":30,"column":21}},"1":{"start":{"line":34,"column":13},"end":{"line":34,"column":48}}},"fnMap":{},"branchMap":{},"s":{"0":7,"1":7},"f":{},"b":{},"_coverageSchema":"1a1c01bbd47fc00a2c39e90264f33305004495a9","hash":"6a284935a246ec359f7bb7c9e05bf89bda0a65a5"}
,"G:\\nodejs bacend sanket singh\\12 twitter application\\tweetapp\\src\\models\\user.js": {"path":"G:\\nodejs bacend sanket singh\\12 twitter application\\tweetapp\\src\\models\\user.js","statementMap":{"0":{"start":{"line":5,"column":19},"end":{"line":19,"column":22}},"1":{"start":{"line":21,"column":0},"end":{"line":27,"column":3}},"2":{"start":{"line":22,"column":17},"end":{"line":22,"column":21}},"3":{"start":{"line":23,"column":17},"end":{"line":23,"column":38}},"4":{"start":{"line":24,"column":30},"end":{"line":24,"column":66}},"5":{"start":{"line":25,"column":4},"end":{"line":25,"column":38}},"6":{"start":{"line":26,"column":4},"end":{"line":26,"column":11}},"7":{"start":{"line":29,"column":0},"end":{"line":31,"column":1}},"8":{"start":{"line":30,"column":4},"end":{"line":30,"column":55}},"9":{"start":{"line":33,"column":0},"end":{"line":37,"column":1}},"10":{"start":{"line":34,"column":4},"end":{"line":36,"column":7}},"11":{"start":{"line":39,"column":13},"end":{"line":39,"column":47}}},"fnMap":{"0":{"name":"(anonymous_0)","decl":{"start":{"line":21,"column":23},"end":{"line":21,"column":24}},"loc":{"start":{"line":21,"column":39},"end":{"line":27,"column":1}},"line":21},"1":{"name":"compare","decl":{"start":{"line":29,"column":46},"end":{"line":29,"column":53}},"loc":{"start":{"line":29,"column":64},"end":{"line":31,"column":1}},"line":29},"2":{"name":"generate","decl":{"start":{"line":33,"column":37},"end":{"line":33,"column":45}},"loc":{"start":{"line":33,"column":48},"end":{"line":37,"column":1}},"line":33}},"branchMap":{},"s":{"0":3,"1":3,"2":0,"3":0,"4":0,"5":0,"6":0,"7":3,"8":0,"9":3,"10":0,"11":3},"f":{"0":0,"1":0,"2":0},"b":{},"_coverageSchema":"1a1c01bbd47fc00a2c39e90264f33305004495a9","hash":"efb6e5f2af1634da6afe23165ad026430e5603d9"}
,"G:\\nodejs bacend sanket singh\\12 twitter application\\tweetapp\\src\\repository\\comment-repository.js": {"path":"G:\\nodejs bacend sanket singh\\12 twitter application\\tweetapp\\src\\repository\\comment-repository.js","statementMap":{"0":{"start":{"line":5,"column":8},"end":{"line":5,"column":23}}},"fnMap":{"0":{"name":"(anonymous_0)","decl":{"start":{"line":4,"column":4},"end":{"line":4,"column":5}},"loc":{"start":{"line":4,"column":18},"end":{"line":6,"column":5}},"line":4}},"branchMap":{},"s":{"0":1},"f":{"0":1},"b":{},"_coverageSchema":"1a1c01bbd47fc00a2c39e90264f33305004495a9","hash":"6b2298f4697d37ca1730286d3a605d8e474916e5"}
,"G:\\nodejs bacend sanket singh\\12 twitter application\\tweetapp\\src\\repository\\crud-repository.js": {"path":"G:\\nodejs bacend sanket singh\\12 twitter application\\tweetapp\\src\\repository\\crud-repository.js","statementMap":{"0":{"start":{"line":4,"column":8},"end":{"line":4,"column":27}},"1":{"start":{"line":8,"column":8},"end":{"line":15,"column":9}},"2":{"start":{"line":9,"column":12},"end":{"line":9,"column":30}},"3":{"start":{"line":10,"column":27},"end":{"line":10,"column":56}},"4":{"start":{"line":11,"column":12},"end":{"line":11,"column":26}},"5":{"start":{"line":13,"column":12},"end":{"line":13,"column":61}},"6":{"start":{"line":14,"column":12},"end":{"line":14,"column":24}},"7":{"start":{"line":19,"column":8},"end":{"line":25,"column":9}},"8":{"start":{"line":20,"column":27},"end":{"line":20,"column":65}},"9":{"start":{"line":21,"column":12},"end":{"line":21,"column":26}},"10":{"start":{"line":23,"column":12},"end":{"line":23,"column":61}},"11":{"start":{"line":24,"column":12},"end":{"line":24,"column":24}},"12":{"start":{"line":29,"column":8},"end":{"line":35,"column":9}},"13":{"start":{"line":30,"column":27},"end":{"line":30,"column":56}},"14":{"start":{"line":31,"column":12},"end":{"line":31,"column":26}},"15":{"start":{"line":33,"column":12},"end":{"line":33,"column":61}},"16":{"start":{"line":34,"column":12},"end":{"line":34,"column":24}},"17":{"start":{"line":39,"column":8},"end":{"line":45,"column":9}},"18":{"start":{"line":40,"column":27},"end":{"line":40,"column":52}},"19":{"start":{"line":41,"column":12},"end":{"line":41,"column":26}},"20":{"start":{"line":43,"column":12},"end":{"line":43,"column":61}},"21":{"start":{"line":44,"column":12},"end":{"line":44,"column":24}},"22":{"start":{"line":49,"column":8},"end":{"line":55,"column":9}},"23":{"start":{"line":50,"column":27},"end":{"line":50,"column":84}},"24":{"start":{"line":51,"column":12},"end":{"line":51,"column":26}},"25":{"start":{"line":53,"column":12},"end":{"line":53,"column":61}},"26":{"start":{"line":54,"column":12},"end":{"line":54,"column":24}}},"fnMap":{"0":{"name":"(anonymous_0)","decl":{"start":{"line":3,"column":4},"end":{"line":3,"column":5}},"loc":{"start":{"line":3,"column":23},"end":{"line":5,"column":5}},"line":3},"1":{"name":"(anonymous_1)","decl":{"start":{"line":7,"column":4},"end":{"line":7,"column":5}},"loc":{"start":{"line":7,"column":23},"end":{"line":16,"column":5}},"line":7},"2":{"name":"(anonymous_2)","decl":{"start":{"line":18,"column":4},"end":{"line":18,"column":5}},"loc":{"start":{"line":18,"column":22},"end":{"line":26,"column":5}},"line":18},"3":{"name":"(anonymous_3)","decl":{"start":{"line":28,"column":4},"end":{"line":28,"column":5}},"loc":{"start":{"line":28,"column":18},"end":{"line":36,"column":5}},"line":28},"4":{"name":"(anonymous_4)","decl":{"start":{"line":38,"column":4},"end":{"line":38,"column":5}},"loc":{"start":{"line":38,"column":19},"end":{"line":46,"column":5}},"line":38},"5":{"name":"(anonymous_5)","decl":{"start":{"line":48,"column":4},"end":{"line":48,"column":5}},"loc":{"start":{"line":48,"column":27},"end":{"line":56,"column":5}},"line":48}},"branchMap":{},"s":{"0":4,"1":2,"2":2,"3":2,"4":1,"5":1,"6":1,"7":2,"8":2,"9":1,"10":1,"11":1,"12":3,"13":3,"14":2,"15":1,"16":1,"17":2,"18":2,"19":1,"20":1,"21":1,"22":2,"23":2,"24":1,"25":1,"26":1},"f":{"0":4,"1":2,"2":2,"3":3,"4":2,"5":2},"b":{},"_coverageSchema":"1a1c01bbd47fc00a2c39e90264f33305004495a9","hash":"e2c6a1a9a4e80602634d2e2507c05b196a1c1a2b"}
,"G:\\nodejs bacend sanket singh\\12 twitter application\\tweetapp\\src\\repository\\hashtag-repository.js": {"path":"G:\\nodejs bacend sanket singh\\12 twitter application\\tweetapp\\src\\repository\\hashtag-repository.js","statementMap":{"0":{"start":{"line":6,"column":8},"end":{"line":12,"column":9}},"1":{"start":{"line":7,"column":23},"end":{"line":7,"column":49}},"2":{"start":{"line":8,"column":12},"end":{"line":8,"column":23}},"3":{"start":{"line":11,"column":12},"end":{"line":11,"column":31}},"4":{"start":{"line":16,"column":8},"end":{"line":21,"column":9}},"5":{"start":{"line":17,"column":24},"end":{"line":17,"column":54}},"6":{"start":{"line":18,"column":12},"end":{"line":18,"column":24}},"7":{"start":{"line":20,"column":12},"end":{"line":20,"column":31}},"8":{"start":{"line":25,"column":8},"end":{"line":30,"column":9}},"9":{"start":{"line":26,"column":23},"end":{"line":26,"column":49}},"10":{"start":{"line":27,"column":12},"end":{"line":27,"column":23}},"11":{"start":{"line":29,"column":12},"end":{"line":29,"column":31}},"12":{"start":{"line":43,"column":8},"end":{"line":48,"column":9}},"13":{"start":{"line":44,"column":28},"end":{"line":44,"column":63}},"14":{"start":{"line":45,"column":12},"end":{"line":45,"column":28}},"15":{"start":{"line":47,"column":12},"end":{"line":47,"column":31}},"16":{"start":{"line":70,"column":8},"end":{"line":77,"column":9}},"17":{"start":{"line":71,"column":24},"end":{"line":73,"column":14}},"18":{"start":{"line":74,"column":12},"end":{"line":74,"column":24}},"19":{"start":{"line":76,"column":12},"end":{"line":76,"column":31}}},"fnMap":{"0":{"name":"(anonymous_0)","decl":{"start":{"line":5,"column":4},"end":{"line":5,"column":5}},"loc":{"start":{"line":5,"column":22},"end":{"line":13,"column":5}},"line":5},"1":{"name":"(anonymous_1)","decl":{"start":{"line":14,"column":4},"end":{"line":14,"column":5}},"loc":{"start":{"line":15,"column":4},"end":{"line":22,"column":5}},"line":15},"2":{"name":"(anonymous_2)","decl":{"start":{"line":23,"column":4},"end":{"line":23,"column":5}},"loc":{"start":{"line":24,"column":4},"end":{"line":31,"column":5}},"line":24},"3":{"name":"(anonymous_3)","decl":{"start":{"line":42,"column":4},"end":{"line":42,"column":5}},"loc":{"start":{"line":42,"column":22},"end":{"line":49,"column":5}},"line":42},"4":{"name":"(anonymous_4)","decl":{"start":{"line":69,"column":4},"end":{"line":69,"column":5}},"loc":{"start":{"line":69,"column":31},"end":{"line":78,"column":5}},"line":69}},"branchMap":{},"s":{"0":0,"1":0,"2":0,"3":0,"4":0,"5":0,"6":0,"7":0,"8":0,"9":0,"10":0,"11":0,"12":0,"13":0,"14":0,"15":0,"16":0,"17":0,"18":0,"19":0},"f":{"0":0,"1":0,"2":0,"3":0,"4":0},"b":{},"_coverageSchema":"1a1c01bbd47fc00a2c39e90264f33305004495a9","hash":"38cf39aee342f86e4b6017c1b877a76ff60e3ffd"}
,"G:\\nodejs bacend sanket singh\\12 twitter application\\tweetapp\\src\\repository\\index.js": {"path":"G:\\nodejs bacend sanket singh\\12 twitter application\\tweetapp\\src\\repository\\index.js","statementMap":{},"fnMap":{},"branchMap":{},"s":{},"f":{},"b":{},"_coverageSchema":"1a1c01bbd47fc00a2c39e90264f33305004495a9","hash":"207e8ddbdef1a132dc2b1337458ebb29792c5e86"}
,"G:\\nodejs bacend sanket singh\\12 twitter application\\tweetapp\\src\\repository\\like-repository.js": {"path":"G:\\nodejs bacend sanket singh\\12 twitter application\\tweetapp\\src\\repository\\like-repository.js","statementMap":{"0":{"start":{"line":6,"column":8},"end":{"line":6,"column":20}},"1":{"start":{"line":10,"column":8},"end":{"line":15,"column":9}},"2":{"start":{"line":11,"column":25},"end":{"line":11,"column":49}},"3":{"start":{"line":12,"column":12},"end":{"line":12,"column":24}},"4":{"start":{"line":14,"column":12},"end":{"line":14,"column":24}}},"fnMap":{"0":{"name":"(anonymous_0)","decl":{"start":{"line":5,"column":4},"end":{"line":5,"column":5}},"loc":{"start":{"line":5,"column":18},"end":{"line":7,"column":5}},"line":5},"1":{"name":"(anonymous_1)","decl":{"start":{"line":9,"column":4},"end":{"line":9,"column":5}},"loc":{"start":{"line":9,"column":38},"end":{"line":16,"column":5}},"line":9}},"branchMap":{},"s":{"0":1,"1":3,"2":3,"3":2,"4":1},"f":{"0":1,"1":3},"b":{},"_coverageSchema":"1a1c01bbd47fc00a2c39e90264f33305004495a9","hash":"9d5f818041e47298204ffde6d4625a82f8f31f93"}
,"G:\\nodejs bacend sanket singh\\12 twitter application\\tweetapp\\src\\repository\\tweet-repository.js": {"path":"G:\\nodejs bacend sanket singh\\12 twitter application\\tweetapp\\src\\repository\\tweet-repository.js","statementMap":{"0":{"start":{"line":7,"column":8},"end":{"line":7,"column":21}},"1":{"start":{"line":11,"column":8},"end":{"line":17,"column":9}},"2":{"start":{"line":12,"column":26},"end":{"line":12,"column":50}},"3":{"start":{"line":13,"column":12},"end":{"line":13,"column":25}},"4":{"start":{"line":16,"column":12},"end":{"line":16,"column":24}},"5":{"start":{"line":21,"column":8},"end":{"line":34,"column":9}},"6":{"start":{"line":22,"column":26},"end":{"line":30,"column":21}},"7":{"start":{"line":31,"column":12},"end":{"line":31,"column":25}},"8":{"start":{"line":33,"column":12},"end":{"line":33,"column":31}},"9":{"start":{"line":38,"column":8},"end":{"line":43,"column":9}},"10":{"start":{"line":39,"column":26},"end":{"line":39,"column":70}},"11":{"start":{"line":40,"column":12},"end":{"line":40,"column":25}},"12":{"start":{"line":42,"column":12},"end":{"line":42,"column":31}},"13":{"start":{"line":47,"column":8},"end":{"line":52,"column":9}},"14":{"start":{"line":48,"column":26},"end":{"line":48,"column":76}},"15":{"start":{"line":49,"column":12},"end":{"line":49,"column":25}},"16":{"start":{"line":51,"column":12},"end":{"line":51,"column":31}}},"fnMap":{"0":{"name":"(anonymous_0)","decl":{"start":{"line":6,"column":4},"end":{"line":6,"column":5}},"loc":{"start":{"line":6,"column":18},"end":{"line":8,"column":5}},"line":6},"1":{"name":"(anonymous_1)","decl":{"start":{"line":10,"column":4},"end":{"line":10,"column":5}},"loc":{"start":{"line":10,"column":23},"end":{"line":18,"column":5}},"line":10},"2":{"name":"(anonymous_2)","decl":{"start":{"line":20,"column":4},"end":{"line":20,"column":5}},"loc":{"start":{"line":20,"column":30},"end":{"line":35,"column":5}},"line":20},"3":{"name":"(anonymous_3)","decl":{"start":{"line":37,"column":4},"end":{"line":37,"column":5}},"loc":{"start":{"line":37,"column":32},"end":{"line":44,"column":5}},"line":37},"4":{"name":"(anonymous_4)","decl":{"start":{"line":46,"column":4},"end":{"line":46,"column":5}},"loc":{"start":{"line":46,"column":19},"end":{"line":53,"column":5}},"line":46}},"branchMap":{},"s":{"0":1,"1":2,"2":2,"3":1,"4":1,"5":2,"6":2,"7":2,"8":0,"9":2,"10":2,"11":2,"12":0,"13":2,"14":2,"15":2,"16":0},"f":{"0":1,"1":2,"2":2,"3":2,"4":2},"b":{},"_coverageSchema":"1a1c01bbd47fc00a2c39e90264f33305004495a9","hash":"5533380c9eef899f7eb1d3d997c8e51f58a82844"}
,"G:\\nodejs bacend sanket singh\\12 twitter application\\tweetapp\\src\\repository\\user-repository.js": {"path":"G:\\nodejs bacend sanket singh\\12 twitter application\\tweetapp\\src\\repository\\user-repository.js","statementMap":{"0":{"start":{"line":6,"column":8},"end":{"line":6,"column":20}},"1":{"start":{"line":10,"column":8},"end":{"line":15,"column":9}},"2":{"start":{"line":11,"column":29},"end":{"line":11,"column":53}},"3":{"start":{"line":12,"column":12},"end":{"line":12,"column":28}},"4":{"start":{"line":14,"column":12},"end":{"line":14,"column":24}}},"fnMap":{"0":{"name":"(anonymous_0)","decl":{"start":{"line":5,"column":4},"end":{"line":5,"column":5}},"loc":{"start":{"line":5,"column":18},"end":{"line":7,"column":5}},"line":5},"1":{"name":"(anonymous_1)","decl":{"start":{"line":9,"column":4},"end":{"line":9,"column":5}},"loc":{"start":{"line":9,"column":23},"end":{"line":16,"column":5}},"line":9}},"branchMap":{},"s":{"0":1,"1":3,"2":3,"3":2,"4":1},"f":{"0":1,"1":3},"b":{},"_coverageSchema":"1a1c01bbd47fc00a2c39e90264f33305004495a9","hash":"c537171274cf7d21e3b7e6a8012bc419af4b17b0"}
,"G:\\nodejs bacend sanket singh\\12 twitter application\\tweetapp\\src\\services\\tweet-service.js": {"path":"G:\\nodejs bacend sanket singh\\12 twitter application\\tweetapp\\src\\services\\tweet-service.js","statementMap":{"0":{"start":{"line":40,"column":16},"end":{"line":40,"column":61}},"1":{"start":{"line":41,"column":16},"end":{"line":41,"column":65}},"2":{"start":{"line":46,"column":32},"end":{"line":46,"column":44}},"3":{"start":{"line":47,"column":29},"end":{"line":48,"column":77}},"4":{"start":{"line":48,"column":46},"end":{"line":48,"column":76}},"5":{"start":{"line":49,"column":30},"end":{"line":49,"column":69}},"6":{"start":{"line":50,"column":41},"end":{"line":50,"column":86}},"7":{"start":{"line":51,"column":16},"end":{"line":51,"column":48}},"8":{"start":{"line":52,"column":41},"end":{"line":52,"column":83}},"9":{"start":{"line":52,"column":72},"end":{"line":52,"column":82}},"10":{"start":{"line":53,"column":30},"end":{"line":53,"column":83}},"11":{"start":{"line":53,"column":49},"end":{"line":53,"column":82}},"12":{"start":{"line":54,"column":16},"end":{"line":56,"column":19}},"13":{"start":{"line":55,"column":20},"end":{"line":55,"column":59}},"14":{"start":{"line":58,"column":16},"end":{"line":58,"column":65}},"15":{"start":{"line":59,"column":16},"end":{"line":62,"column":19}},"16":{"start":{"line":60,"column":20},"end":{"line":60,"column":46}},"17":{"start":{"line":61,"column":20},"end":{"line":61,"column":31}},"18":{"start":{"line":63,"column":16},"end":{"line":63,"column":29}},"19":{"start":{"line":67,"column":30},"end":{"line":67,"column":81}},"20":{"start":{"line":68,"column":16},"end":{"line":68,"column":29}}},"fnMap":{"0":{"name":"(anonymous_0)","decl":{"start":{"line":39,"column":12},"end":{"line":39,"column":13}},"loc":{"start":{"line":39,"column":26},"end":{"line":42,"column":13}},"line":39},"1":{"name":"(anonymous_1)","decl":{"start":{"line":44,"column":12},"end":{"line":44,"column":13}},"loc":{"start":{"line":44,"column":31},"end":{"line":64,"column":13}},"line":44},"2":{"name":"(anonymous_2)","decl":{"start":{"line":48,"column":37},"end":{"line":48,"column":38}},"loc":{"start":{"line":48,"column":46},"end":{"line":48,"column":76}},"line":48},"3":{"name":"(anonymous_3)","decl":{"start":{"line":52,"column":64},"end":{"line":52,"column":65}},"loc":{"start":{"line":52,"column":72},"end":{"line":52,"column":82}},"line":52},"4":{"name":"(anonymous_4)","decl":{"start":{"line":53,"column":42},"end":{"line":53,"column":43}},"loc":{"start":{"line":53,"column":49},"end":{"line":53,"column":82}},"line":53},"5":{"name":"(anonymous_5)","decl":{"start":{"line":54,"column":38},"end":{"line":54,"column":39}},"loc":{"start":{"line":54,"column":45},"end":{"line":56,"column":17}},"line":54},"6":{"name":"(anonymous_6)","decl":{"start":{"line":59,"column":43},"end":{"line":59,"column":44}},"loc":{"start":{"line":59,"column":52},"end":{"line":62,"column":17}},"line":59},"7":{"name":"(anonymous_7)","decl":{"start":{"line":66,"column":12},"end":{"line":66,"column":13}},"loc":{"start":{"line":66,"column":31},"end":{"line":69,"column":13}},"line":66}},"branchMap":{},"s":{"0":0,"1":0,"2":0,"3":0,"4":0,"5":0,"6":0,"7":0,"8":0,"9":0,"10":0,"11":0,"12":0,"13":0,"14":0,"15":0,"16":0,"17":0,"18":0,"19":0,"20":0},"f":{"0":0,"1":0,"2":0,"3":0,"4":0,"5":0,"6":0,"7":0},"b":{},"_coverageSchema":"1a1c01bbd47fc00a2c39e90264f33305004495a9","hash":"c191d160cb37cb1af220842e9d29c1cb58e0c3ce"}
,"G:\\nodejs bacend sanket singh\\12 twitter application\\tweetapp\\src\\services\\user-service.js": {"path":"G:\\nodejs bacend sanket singh\\12 twitter application\\tweetapp\\src\\services\\user-service.js","statementMap":{"0":{"start":{"line":5,"column":8},"end":{"line":5,"column":51}},"1":{"start":{"line":9,"column":8},"end":{"line":14,"column":9}},"2":{"start":{"line":10,"column":25},"end":{"line":10,"column":63}},"3":{"start":{"line":11,"column":12},"end":{"line":11,"column":24}},"4":{"start":{"line":13,"column":12},"end":{"line":13,"column":24}},"5":{"start":{"line":18,"column":8},"end":{"line":23,"column":9}},"6":{"start":{"line":19,"column":25},"end":{"line":19,"column":66}},"7":{"start":{"line":20,"column":12},"end":{"line":20,"column":24}},"8":{"start":{"line":22,"column":12},"end":{"line":22,"column":24}},"9":{"start":{"line":27,"column":8},"end":{"line":43,"column":9}},"10":{"start":{"line":28,"column":25},"end":{"line":28,"column":62}},"11":{"start":{"line":29,"column":12},"end":{"line":33,"column":13}},"12":{"start":{"line":30,"column":16},"end":{"line":32,"column":18}},"13":{"start":{"line":34,"column":12},"end":{"line":38,"column":13}},"14":{"start":{"line":35,"column":16},"end":{"line":37,"column":18}},"15":{"start":{"line":39,"column":26},"end":{"line":39,"column":39}},"16":{"start":{"line":40,"column":12},"end":{"line":40,"column":25}},"17":{"start":{"line":42,"column":12},"end":{"line":42,"column":24}}},"fnMap":{"0":{"name":"(anonymous_0)","decl":{"start":{"line":4,"column":4},"end":{"line":4,"column":5}},"loc":{"start":{"line":4,"column":18},"end":{"line":6,"column":5}},"line":4},"1":{"name":"(anonymous_1)","decl":{"start":{"line":8,"column":4},"end":{"line":8,"column":5}},"loc":{"start":{"line":8,"column":23},"end":{"line":15,"column":5}},"line":8},"2":{"name":"(anonymous_2)","decl":{"start":{"line":17,"column":4},"end":{"line":17,"column":5}},"loc":{"start":{"line":17,"column":32},"end":{"line":24,"column":5}},"line":17},"3":{"name":"(anonymous_3)","decl":{"start":{"line":26,"column":4},"end":{"line":26,"column":5}},"loc":{"start":{"line":26,"column":23},"end":{"line":44,"column":5}},"line":26}},"branchMap":{"0":{"loc":{"start":{"line":29,"column":12},"end":{"line":33,"column":13}},"type":"if","locations":[{"start":{"line":29,"column":12},"end":{"line":33,"column":13}},{"start":{},"end":{}}],"line":29},"1":{"loc":{"start":{"line":34,"column":12},"end":{"line":38,"column":13}},"type":"if","locations":[{"start":{"line":34,"column":12},"end":{"line":38,"column":13}},{"start":{},"end":{}}],"line":34}},"s":{"0":1,"1":1,"2":1,"3":1,"4":0,"5":0,"6":0,"7":0,"8":0,"9":0,"10":0,"11":0,"12":0,"13":0,"14":0,"15":0,"16":0,"17":0},"f":{"0":1,"1":1,"2":0,"3":0},"b":{"0":[0,0],"1":[0,0]},"_coverageSchema":"1a1c01bbd47fc00a2c39e90264f33305004495a9","hash":"f0a4db7bb7137f75bf4c8fafb3d2fc91d0e44211"}
,"G:\\nodejs bacend sanket singh\\12 twitter application\\tweetapp\\tests\\mocker.js": {"path":"G:\\nodejs bacend sanket singh\\12 twitter application\\tweetapp\\tests\\mocker.js","statementMap":{"0":{"start":{"line":1,"column":28},"end":{"line":7,"column":1}},"1":{"start":{"line":2,"column":16},"end":{"line":2,"column":18}},"2":{"start":{"line":3,"column":4},"end":{"line":3,"column":46}},"3":{"start":{"line":4,"column":4},"end":{"line":4,"column":48}},"4":{"start":{"line":5,"column":4},"end":{"line":5,"column":46}},"5":{"start":{"line":6,"column":4},"end":{"line":6,"column":15}},"6":{"start":{"line":9,"column":27},"end":{"line":15,"column":1}},"7":{"start":{"line":10,"column":16},"end":{"line":10,"column":18}},"8":{"start":{"line":11,"column":4},"end":{"line":11,"column":46}},"9":{"start":{"line":12,"column":4},"end":{"line":12,"column":48}},"10":{"start":{"line":13,"column":4},"end":{"line":13,"column":47}},"11":{"start":{"line":14,"column":4},"end":{"line":14,"column":15}}},"fnMap":{"0":{"name":"(anonymous_0)","decl":{"start":{"line":1,"column":28},"end":{"line":1,"column":29}},"loc":{"start":{"line":1,"column":34},"end":{"line":7,"column":1}},"line":1},"1":{"name":"(anonymous_1)","decl":{"start":{"line":9,"column":27},"end":{"line":9,"column":28}},"loc":{"start":{"line":9,"column":33},"end":{"line":15,"column":1}},"line":9}},"branchMap":{},"s":{"0":1,"1":1,"2":1,"3":1,"4":1,"5":1,"6":1,"7":1,"8":1,"9":1,"10":1,"11":1},"f":{"0":1,"1":1},"b":{},"_coverageSchema":"1a1c01bbd47fc00a2c39e90264f33305004495a9","hash":"e93c49b14a8106c863c7bd306ec968e4f8d8abec"}
}
