TN:
SF:src\controllers\tweet-controller.js
FN:8,(anonymous_0)
FN:36,(anonymous_1)
FNF:2
FNH:1
FNDA:0,(anonymous_0)
FNDA:1,(anonymous_1)
DA:6,1
DA:8,1
DA:9,0
DA:18,0
DA:19,0
DA:27,0
DA:36,1
DA:37,1
DA:38,1
DA:39,1
DA:46,0
LF:11
LH:6
BRF:0
BRH:0
end_of_record
TN:
SF:src\models\comment.js
FNF:0
FNH:0
DA:3,3
DA:32,3
LF:2
LH:2
BRF:0
BRH:0
end_of_record
TN:
SF:src\models\hashtags.js
FNF:0
FNH:0
DA:3,2
DA:25,2
LF:2
LH:2
BRF:0
BRH:0
end_of_record
TN:
SF:src\models\like.js
FNF:0
FNH:0
DA:3,3
DA:21,3
LF:2
LH:2
BRF:0
BRH:0
end_of_record
TN:
SF:src\models\tweet.js
FNF:0
FNH:0
DA:3,7
DA:34,7
LF:2
LH:2
BRF:0
BRH:0
end_of_record
TN:
SF:src\models\user.js
FN:21,(anonymous_0)
FN:29,compare
FN:33,generate
FNF:3
FNH:0
FNDA:0,(anonymous_0)
FNDA:0,compare
FNDA:0,generate
DA:5,3
DA:21,3
DA:22,0
DA:23,0
DA:24,0
DA:25,0
DA:26,0
DA:29,3
DA:30,0
DA:33,3
DA:34,0
DA:39,3
LF:12
LH:5
BRF:0
BRH:0
end_of_record
TN:
SF:src\repository\comment-repository.js
FN:4,(anonymous_0)
FNF:1
FNH:1
FNDA:1,(anonymous_0)
DA:5,1
LF:1
LH:1
BRF:0
BRH:0
end_of_record
TN:
SF:src\repository\crud-repository.js
FN:3,(anonymous_0)
FN:7,(anonymous_1)
FN:18,(anonymous_2)
FN:28,(anonymous_3)
FN:38,(anonymous_4)
FN:48,(anonymous_5)
FNF:6
FNH:6
FNDA:4,(anonymous_0)
FNDA:2,(anonymous_1)
FNDA:2,(anonymous_2)
FNDA:3,(anonymous_3)
FNDA:2,(anonymous_4)
FNDA:2,(anonymous_5)
DA:4,4
DA:8,2
DA:9,2
DA:10,2
DA:11,1
DA:13,1
DA:14,1
DA:19,2
DA:20,2
DA:21,1
DA:23,1
DA:24,1
DA:29,3
DA:30,3
DA:31,2
DA:33,1
DA:34,1
DA:39,2
DA:40,2
DA:41,1
DA:43,1
DA:44,1
DA:49,2
DA:50,2
DA:51,1
DA:53,1
DA:54,1
LF:27
LH:27
BRF:0
BRH:0
end_of_record
TN:
SF:src\repository\hashtag-repository.js
FN:5,(anonymous_0)
FN:14,(anonymous_1)
FN:23,(anonymous_2)
FN:42,(anonymous_3)
FN:69,(anonymous_4)
FNF:5
FNH:0
FNDA:0,(anonymous_0)
FNDA:0,(anonymous_1)
FNDA:0,(anonymous_2)
FNDA:0,(anonymous_3)
FNDA:0,(anonymous_4)
DA:6,0
DA:7,0
DA:8,0
DA:11,0
DA:16,0
DA:17,0
DA:18,0
DA:20,0
DA:25,0
DA:26,0
DA:27,0
DA:29,0
DA:43,0
DA:44,0
DA:45,0
DA:47,0
DA:70,0
DA:71,0
DA:74,0
DA:76,0
LF:20
LH:0
BRF:0
BRH:0
end_of_record
TN:
SF:src\repository\index.js
FNF:0
FNH:0
LF:0
LH:0
BRF:0
BRH:0
end_of_record
TN:
SF:src\repository\like-repository.js
FN:5,(anonymous_0)
FN:9,(anonymous_1)
FNF:2
FNH:2
FNDA:1,(anonymous_0)
FNDA:3,(anonymous_1)
DA:6,1
DA:10,3
DA:11,3
DA:12,2
DA:14,1
LF:5
LH:5
BRF:0
BRH:0
end_of_record
TN:
SF:src\repository\tweet-repository.js
FN:6,(anonymous_0)
FN:10,(anonymous_1)
FN:20,(anonymous_2)
FN:37,(anonymous_3)
FN:46,(anonymous_4)
FNF:5
FNH:5
FNDA:1,(anonymous_0)
FNDA:2,(anonymous_1)
FNDA:2,(anonymous_2)
FNDA:2,(anonymous_3)
FNDA:2,(anonymous_4)
DA:7,1
DA:11,2
DA:12,2
DA:13,1
DA:16,1
DA:21,2
DA:22,2
DA:31,2
DA:33,0
DA:38,2
DA:39,2
DA:40,2
DA:42,0
DA:47,2
DA:48,2
DA:49,2
DA:51,0
LF:17
LH:14
BRF:0
BRH:0
end_of_record
TN:
SF:src\repository\user-repository.js
FN:5,(anonymous_0)
FN:9,(anonymous_1)
FNF:2
FNH:2
FNDA:1,(anonymous_0)
FNDA:3,(anonymous_1)
DA:6,1
DA:10,3
DA:11,3
DA:12,2
DA:14,1
LF:5
LH:5
BRF:0
BRH:0
end_of_record
TN:
SF:src\services\tweet-service.js
FN:39,(anonymous_0)
FN:44,(anonymous_1)
FN:48,(anonymous_2)
FN:52,(anonymous_3)
FN:53,(anonymous_4)
FN:54,(anonymous_5)
FN:59,(anonymous_6)
FN:66,(anonymous_7)
FNF:8
FNH:0
FNDA:0,(anonymous_0)
FNDA:0,(anonymous_1)
FNDA:0,(anonymous_2)
FNDA:0,(anonymous_3)
FNDA:0,(anonymous_4)
FNDA:0,(anonymous_5)
FNDA:0,(anonymous_6)
FNDA:0,(anonymous_7)
DA:40,0
DA:41,0
DA:46,0
DA:47,0
DA:48,0
DA:49,0
DA:50,0
DA:51,0
DA:52,0
DA:53,0
DA:54,0
DA:55,0
DA:58,0
DA:59,0
DA:60,0
DA:61,0
DA:63,0
DA:67,0
DA:68,0
LF:19
LH:0
BRF:0
BRH:0
end_of_record
TN:
SF:src\services\user-service.js
FN:4,(anonymous_0)
FN:8,(anonymous_1)
FN:17,(anonymous_2)
FN:26,(anonymous_3)
FNF:4
FNH:2
FNDA:1,(anonymous_0)
FNDA:1,(anonymous_1)
FNDA:0,(anonymous_2)
FNDA:0,(anonymous_3)
DA:5,1
DA:9,1
DA:10,1
DA:11,1
DA:13,0
DA:18,0
DA:19,0
DA:20,0
DA:22,0
DA:27,0
DA:28,0
DA:29,0
DA:30,0
DA:34,0
DA:35,0
DA:39,0
DA:40,0
DA:42,0
LF:18
LH:4
BRDA:29,0,0,0
BRDA:29,0,1,0
BRDA:34,1,0,0
BRDA:34,1,1,0
BRF:4
BRH:0
end_of_record
TN:
SF:tests\mocker.js
FN:1,(anonymous_0)
FN:9,(anonymous_1)
FNF:2
FNH:2
FNDA:1,(anonymous_0)
FNDA:1,(anonymous_1)
DA:1,1
DA:2,1
DA:3,1
DA:4,1
DA:5,1
DA:6,1
DA:9,1
DA:10,1
DA:11,1
DA:12,1
DA:13,1
DA:14,1
LF:12
LH:12
BRF:0
BRH:0
end_of_record
